myapp/myapp/android/app/build/intermediates/manifest_merge_blame_file/debug/manifest-merger-blame-debug-report.txt
1<?xml version="1.0" encoding="utf-8"?>
2<manifest xmlns:android="http://schemas.android.com/apk/res/android"
3    package="com.twilio_tst"
4    android:versionCode="1"
5    android:versionName="1.0" >
6
7    <uses-sdk
8        android:minSdkVersion="21"
9        android:targetSdkVersion="33" />
10
11    <uses-permission android:name="android.permission.SYSTEM_ALERT_WINDOW" />
11-->src\debug\AndroidManifest.xml:5:5-77
11-->src\debug\AndroidManifest.xml:5:22-75
12    <uses-permission android:name="android.permission.INTERNET" />
12-->src\main\AndroidManifest.xml:3:5-67
12-->src\main\AndroidManifest.xml:3:22-64
13    <uses-permission android:name="android.permission.RECEIVE_BOOT_COMPLETED" />
13-->src\main\AndroidManifest.xml:4:1-77
13-->src\main\AndroidManifest.xml:4:18-74
14    <uses-permission android:name="android.permission.VIBRATE" />
14-->src\main\AndroidManifest.xml:5:1-62
14-->src\main\AndroidManifest.xml:5:18-59
15    <uses-permission android:name="android.permission.ACCESS_WIFI_STATE" />
15-->[com.facebook.flipper:flipper:0.182.0] AndroidManifest.xml:16:5-76
15-->[com.facebook.flipper:flipper:0.182.0] AndroidManifest.xml:16:22-73
16    <uses-permission android:name="android.permission.WAKE_LOCK" />
16-->[:react-native-firebase_messaging] AndroidManifest.xml:8:5-68
16-->[:react-native-firebase_messaging] AndroidManifest.xml:8:22-65
17    <uses-permission android:name="android.permission.ACCESS_NETWORK_STATE" />
17-->[:react-native-firebase_messaging] AndroidManifest.xml:9:5-79
17-->[:react-native-firebase_messaging] AndroidManifest.xml:9:22-76
18    <uses-permission android:name="android.permission.POST_NOTIFICATIONS" /> <!-- Required by older versions of Google Play services to create IID tokens -->
18-->[com.google.firebase:firebase-messaging:23.2.1] AndroidManifest.xml:23:5-77
18-->[com.google.firebase:firebase-messaging:23.2.1] AndroidManifest.xml:23:22-74
19    <uses-permission android:name="com.google.android.c2dm.permission.RECEIVE" />
19-->[com.google.firebase:firebase-messaging:23.2.1] AndroidManifest.xml:26:5-82
19-->[com.google.firebase:firebase-messaging:23.2.1] AndroidManifest.xml:26:22-79
20
21    <application
21-->src\main\AndroidManifest.xml:6:5-43:19
22        android:name="com.myapp.MainApplication"
22-->src\main\AndroidManifest.xml:7:7-38
23        android:allowBackup="false"
23-->src\main\AndroidManifest.xml:11:7-34
24        android:appComponentFactory="androidx.core.app.CoreComponentFactory"
24-->[androidx.core:core:1.7.0] AndroidManifest.xml:24:18-86
25        android:debuggable="true"
26        android:icon="@mipmap/ic_launcher"
26-->src\main\AndroidManifest.xml:9:7-41
27        android:label="@string/app_name"
27-->src\main\AndroidManifest.xml:8:7-39
28        android:roundIcon="@mipmap/ic_launcher_round"
28-->src\main\AndroidManifest.xml:10:7-52
29        android:theme="@style/AppTheme"
29-->src\main\AndroidManifest.xml:12:7-38
30        android:usesCleartextTraffic="true" >
30-->src\debug\AndroidManifest.xml:8:9-44
31        <activity
31-->src\debug\AndroidManifest.xml:11:9-111
32            android:name="com.facebook.react.devsupport.DevSettingsActivity"
32-->src\debug\AndroidManifest.xml:11:19-83
33            android:exported="false" />
33-->src\debug\AndroidManifest.xml:11:84-108
34        <activity
34-->src\main\AndroidManifest.xml:13:7-24:18
35            android:name="com.myapp.MainActivity"
35-->src\main\AndroidManifest.xml:14:9-37
36            android:configChanges="keyboard|keyboardHidden|orientation|screenLayout|screenSize|smallestScreenSize|uiMode"
36-->src\main\AndroidManifest.xml:16:9-118
37            android:exported="true"
37-->src\main\AndroidManifest.xml:19:9-32
38            android:label="@string/app_name"
38-->src\main\AndroidManifest.xml:15:9-41
39            android:launchMode="singleTask"
39-->src\main\AndroidManifest.xml:17:9-40
40            android:windowSoftInputMode="adjustResize" >
40-->src\main\AndroidManifest.xml:18:9-51
41            <intent-filter>
41-->src\main\AndroidManifest.xml:20:9-23:25
42                <action android:name="android.intent.action.MAIN" />
42-->src\main\AndroidManifest.xml:21:13-65
42-->src\main\AndroidManifest.xml:21:21-62
43
44                <category android:name="android.intent.category.LAUNCHER" />
44-->src\main\AndroidManifest.xml:22:13-73
44-->src\main\AndroidManifest.xml:22:23-70
45            </intent-filter>
46        </activity>
47
48        <service
48-->src\main\AndroidManifest.xml:26:7-32:11
49            android:name="com.myapp.MyFirebaseMessagingService"
49-->src\main\AndroidManifest.xml:27:5-56
50            android:exported="true" >
50-->src\main\AndroidManifest.xml:28:5-28
51            <intent-filter>
51-->src\main\AndroidManifest.xml:29:5-31:21
52                <action android:name="com.google.firebase.MESSAGING_EVENT" />
52-->src\main\AndroidManifest.xml:30:9-70
52-->src\main\AndroidManifest.xml:30:17-67
53            </intent-filter>
54        </service>
55        <service
55-->src\main\AndroidManifest.xml:34:1-40:11
56            android:name="com.myapp.MyFirebaseInstanceIDService"
56-->src\main\AndroidManifest.xml:35:5-57
57            android:exported="true" >
57-->src\main\AndroidManifest.xml:36:5-28
58            <intent-filter>
58-->src\main\AndroidManifest.xml:37:5-39:21
59                <action android:name="com.google.firebase.INSTANCE_ID_EVENT" />
59-->src\main\AndroidManifest.xml:38:9-72
59-->src\main\AndroidManifest.xml:38:17-69
60            </intent-filter>
61        </service>
62        <service
62-->[:react-native-firebase_messaging] AndroidManifest.xml:12:9-14:40
63            android:name="io.invertase.firebase.messaging.ReactNativeFirebaseMessagingHeadlessService"
63-->[:react-native-firebase_messaging] AndroidManifest.xml:13:13-103
64            android:exported="false" />
64-->[:react-native-firebase_messaging] AndroidManifest.xml:14:13-37
65        <service
65-->[:react-native-firebase_messaging] AndroidManifest.xml:15:9-21:19
66            android:name="io.invertase.firebase.messaging.ReactNativeFirebaseMessagingService"
66-->[:react-native-firebase_messaging] AndroidManifest.xml:16:13-95
67            android:exported="false" >
67-->[:react-native-firebase_messaging] AndroidManifest.xml:17:13-37
68            <intent-filter>
68-->src\main\AndroidManifest.xml:29:5-31:21
69                <action android:name="com.google.firebase.MESSAGING_EVENT" />
69-->src\main\AndroidManifest.xml:30:9-70
69-->src\main\AndroidManifest.xml:30:17-67
70            </intent-filter>
71        </service>
72
73        <receiver
73-->[:react-native-firebase_messaging] AndroidManifest.xml:23:9-30:20
74            android:name="io.invertase.firebase.messaging.ReactNativeFirebaseMessagingReceiver"
74-->[:react-native-firebase_messaging] AndroidManifest.xml:24:13-96
75            android:exported="true"
75-->[:react-native-firebase_messaging] AndroidManifest.xml:25:13-36
76            android:permission="com.google.android.c2dm.permission.SEND" >
76-->[:react-native-firebase_messaging] AndroidManifest.xml:26:13-73
77            <intent-filter>
77-->[:react-native-firebase_messaging] AndroidManifest.xml:27:13-29:29
78                <action android:name="com.google.android.c2dm.intent.RECEIVE" />
78-->[:react-native-firebase_messaging] AndroidManifest.xml:28:17-81
78-->[:react-native-firebase_messaging] AndroidManifest.xml:28:25-78
79            </intent-filter>
80        </receiver>
81
82        <meta-data
82-->[:react-native-firebase_messaging] AndroidManifest.xml:32:9-34:36
83            android:name="firebase_messaging_auto_init_enabled"
83-->[:react-native-firebase_messaging] AndroidManifest.xml:33:13-64
84            android:value="true" />
84-->[:react-native-firebase_messaging] AndroidManifest.xml:34:13-33
85        <meta-data
85-->[:react-native-firebase_messaging] AndroidManifest.xml:35:9-37:32
86            android:name="com.google.firebase.messaging.default_notification_channel_id"
86-->[:react-native-firebase_messaging] AndroidManifest.xml:36:13-89
87            android:value="" />
87-->[:react-native-firebase_messaging] AndroidManifest.xml:37:13-29
88        <meta-data
88-->[:react-native-firebase_messaging] AndroidManifest.xml:38:9-40:47
89            android:name="com.google.firebase.messaging.default_notification_color"
89-->[:react-native-firebase_messaging] AndroidManifest.xml:39:13-84
90            android:resource="@color/white" />
90-->[:react-native-firebase_messaging] AndroidManifest.xml:40:13-44
91        <meta-data
91-->[:react-native-firebase_app] AndroidManifest.xml:9:9-11:36
92            android:name="app_data_collection_default_enabled"
92-->[:react-native-firebase_app] AndroidManifest.xml:10:13-63
93            android:value="true" />
93-->[:react-native-firebase_app] AndroidManifest.xml:11:13-33
94
95        <service
95-->[:react-native-firebase_app] AndroidManifest.xml:13:9-21:19
96            android:name="com.google.firebase.components.ComponentDiscoveryService"
96-->[:react-native-firebase_app] AndroidManifest.xml:14:13-84
97            android:directBootAware="true"
97-->[:react-native-firebase_app] AndroidManifest.xml:15:13-43
98            android:exported="false" >
98-->[:react-native-firebase_app] AndroidManifest.xml:16:13-37
99            <meta-data
99-->[:react-native-firebase_app] AndroidManifest.xml:18:13-20:85
100                android:name="com.google.firebase.components:io.invertase.firebase.app.ReactNativeFirebaseAppRegistrar"
100-->[:react-native-firebase_app] AndroidManifest.xml:19:17-120
101                android:value="com.google.firebase.components.ComponentRegistrar" />
101-->[:react-native-firebase_app] AndroidManifest.xml:20:17-82
102            <meta-data
102-->[com.google.firebase:firebase-messaging:23.2.1] AndroidManifest.xml:53:13-55:85
103                android:name="com.google.firebase.components:com.google.firebase.messaging.FirebaseMessagingRegistrar"
103-->[com.google.firebase:firebase-messaging:23.2.1] AndroidManifest.xml:54:17-119
104                android:value="com.google.firebase.components.ComponentRegistrar" />
104-->[com.google.firebase:firebase-messaging:23.2.1] AndroidManifest.xml:55:17-82
105            <meta-data
105-->[com.google.firebase:firebase-datatransport:18.1.7] AndroidManifest.xml:27:13-29:85
106                android:name="com.google.firebase.components:com.google.firebase.datatransport.TransportRegistrar"
106-->[com.google.firebase:firebase-datatransport:18.1.7] AndroidManifest.xml:28:17-115
107                android:value="com.google.firebase.components.ComponentRegistrar" />
107-->[com.google.firebase:firebase-datatransport:18.1.7] AndroidManifest.xml:29:17-82
108            <meta-data
108-->[com.google.firebase:firebase-installations:17.1.4] AndroidManifest.xml:15:13-17:85
109                android:name="com.google.firebase.components:com.google.firebase.installations.FirebaseInstallationsRegistrar"
109-->[com.google.firebase:firebase-installations:17.1.4] AndroidManifest.xml:16:17-127
110                android:value="com.google.firebase.components.ComponentRegistrar" />
110-->[com.google.firebase:firebase-installations:17.1.4] AndroidManifest.xml:17:17-82
111        </service>
112
113        <provider
113-->[:react-native-firebase_app] AndroidManifest.xml:23:9-27:38
114            android:name="io.invertase.firebase.app.ReactNativeFirebaseAppInitProvider"
114-->[:react-native-firebase_app] AndroidManifest.xml:24:13-88
115            android:authorities="com.twilio_tst.reactnativefirebaseappinitprovider"
115-->[:react-native-firebase_app] AndroidManifest.xml:25:13-86
116            android:exported="false"
116-->[:react-native-firebase_app] AndroidManifest.xml:26:13-37
117            android:initOrder="99" />
117-->[:react-native-firebase_app] AndroidManifest.xml:27:13-35
118
119        <receiver
119-->[com.google.firebase:firebase-messaging:23.2.1] AndroidManifest.xml:29:9-36:20
120            android:name="com.google.firebase.iid.FirebaseInstanceIdReceiver"
120-->[com.google.firebase:firebase-messaging:23.2.1] AndroidManifest.xml:30:13-78
121            android:exported="true"
121-->[com.google.firebase:firebase-messaging:23.2.1] AndroidManifest.xml:31:13-36
122            android:permission="com.google.android.c2dm.permission.SEND" >
122-->[com.google.firebase:firebase-messaging:23.2.1] AndroidManifest.xml:32:13-73
123            <intent-filter>
123-->[:react-native-firebase_messaging] AndroidManifest.xml:27:13-29:29
124                <action android:name="com.google.android.c2dm.intent.RECEIVE" />
124-->[:react-native-firebase_messaging] AndroidManifest.xml:28:17-81
124-->[:react-native-firebase_messaging] AndroidManifest.xml:28:25-78
125            </intent-filter>
126        </receiver>
127        <!--
128             FirebaseMessagingService performs security checks at runtime,
129             but set to not exported to explicitly avoid allowing another app to call it.
130        -->
131        <service
131-->[com.google.firebase:firebase-messaging:23.2.1] AndroidManifest.xml:42:9-49:19
132            android:name="com.google.firebase.messaging.FirebaseMessagingService"
132-->[com.google.firebase:firebase-messaging:23.2.1] AndroidManifest.xml:43:13-82
133            android:directBootAware="true"
133-->[com.google.firebase:firebase-messaging:23.2.1] AndroidManifest.xml:44:13-43
134            android:exported="false" >
134-->[com.google.firebase:firebase-messaging:23.2.1] AndroidManifest.xml:45:13-37
135            <intent-filter android:priority="-500" >
135-->src\main\AndroidManifest.xml:29:5-31:21
136                <action android:name="com.google.firebase.MESSAGING_EVENT" />
136-->src\main\AndroidManifest.xml:30:9-70
136-->src\main\AndroidManifest.xml:30:17-67
137            </intent-filter>
138        </service>
139        <service
139-->[com.google.android.datatransport:transport-backend-cct:3.1.8] AndroidManifest.xml:28:9-34:19
140            android:name="com.google.android.datatransport.runtime.backends.TransportBackendDiscovery"
140-->[com.google.android.datatransport:transport-backend-cct:3.1.8] AndroidManifest.xml:29:13-103
141            android:exported="false" >
141-->[com.google.android.datatransport:transport-backend-cct:3.1.8] AndroidManifest.xml:30:13-37
142            <meta-data
142-->[com.google.android.datatransport:transport-backend-cct:3.1.8] AndroidManifest.xml:31:13-33:39
143                android:name="backend:com.google.android.datatransport.cct.CctBackendFactory"
143-->[com.google.android.datatransport:transport-backend-cct:3.1.8] AndroidManifest.xml:32:17-94
144                android:value="cct" />
144-->[com.google.android.datatransport:transport-backend-cct:3.1.8] AndroidManifest.xml:33:17-36
145        </service>
146        <service
146-->[com.google.android.datatransport:transport-runtime:3.1.8] AndroidManifest.xml:26:9-30:19
147            android:name="com.google.android.datatransport.runtime.scheduling.jobscheduling.JobInfoSchedulerService"
147-->[com.google.android.datatransport:transport-runtime:3.1.8] AndroidManifest.xml:27:13-117
148            android:exported="false"
148-->[com.google.android.datatransport:transport-runtime:3.1.8] AndroidManifest.xml:28:13-37
149            android:permission="android.permission.BIND_JOB_SERVICE" >
149-->[com.google.android.datatransport:transport-runtime:3.1.8] AndroidManifest.xml:29:13-69
150        </service>
151
152        <receiver
152-->[com.google.android.datatransport:transport-runtime:3.1.8] AndroidManifest.xml:32:9-34:40
153            android:name="com.google.android.datatransport.runtime.scheduling.jobscheduling.AlarmManagerSchedulerBroadcastReceiver"
153-->[com.google.android.datatransport:transport-runtime:3.1.8] AndroidManifest.xml:33:13-132
154            android:exported="false" />
154-->[com.google.android.datatransport:transport-runtime:3.1.8] AndroidManifest.xml:34:13-37
155
156        <provider
156-->[com.google.firebase:firebase-common:20.3.3] AndroidManifest.xml:25:9-30:39
157            android:name="com.google.firebase.provider.FirebaseInitProvider"
157-->[com.google.firebase:firebase-common:20.3.3] AndroidManifest.xml:26:13-77
158            android:authorities="com.twilio_tst.firebaseinitprovider"
158-->[com.google.firebase:firebase-common:20.3.3] AndroidManifest.xml:27:13-72
159            android:directBootAware="true"
159-->[com.google.firebase:firebase-common:20.3.3] AndroidManifest.xml:28:13-43
160            android:exported="false"
160-->[com.google.firebase:firebase-common:20.3.3] AndroidManifest.xml:29:13-37
161            android:initOrder="100" />
161-->[com.google.firebase:firebase-common:20.3.3] AndroidManifest.xml:30:13-36
162
163        <activity
163-->[com.google.android.gms:play-services-auth:20.6.0] AndroidManifest.xml:23:9-27:75
164            android:name="com.google.android.gms.auth.api.signin.internal.SignInHubActivity"
164-->[com.google.android.gms:play-services-auth:20.6.0] AndroidManifest.xml:24:13-93
165            android:excludeFromRecents="true"
165-->[com.google.android.gms:play-services-auth:20.6.0] AndroidManifest.xml:25:13-46
166            android:exported="false"
166-->[com.google.android.gms:play-services-auth:20.6.0] AndroidManifest.xml:26:13-37
167            android:theme="@android:style/Theme.Translucent.NoTitleBar" />
167-->[com.google.android.gms:play-services-auth:20.6.0] AndroidManifest.xml:27:13-72
168        <!--
169            Service handling Google Sign-In user revocation. For apps that do not integrate with
170            Google Sign-In, this service will never be started.
171        -->
172        <service
172-->[com.google.android.gms:play-services-auth:20.6.0] AndroidManifest.xml:33:9-37:51
173            android:name="com.google.android.gms.auth.api.signin.RevocationBoundService"
173-->[com.google.android.gms:play-services-auth:20.6.0] AndroidManifest.xml:34:13-89
174            android:exported="true"
174-->[com.google.android.gms:play-services-auth:20.6.0] AndroidManifest.xml:35:13-36
175            android:permission="com.google.android.gms.auth.api.signin.permission.REVOCATION_NOTIFICATION"
175-->[com.google.android.gms:play-services-auth:20.6.0] AndroidManifest.xml:36:13-107
176            android:visibleToInstantApps="true" />
176-->[com.google.android.gms:play-services-auth:20.6.0] AndroidManifest.xml:37:13-48
177
178        <activity
178-->[com.google.android.gms:play-services-base:18.0.1] AndroidManifest.xml:20:9-22:45
179            android:name="com.google.android.gms.common.api.GoogleApiActivity"
179-->[com.google.android.gms:play-services-base:18.0.1] AndroidManifest.xml:20:19-85
180            android:exported="false"
180-->[com.google.android.gms:play-services-base:18.0.1] AndroidManifest.xml:22:19-43
181            android:theme="@android:style/Theme.Translucent.NoTitleBar" />
181-->[com.google.android.gms:play-services-base:18.0.1] AndroidManifest.xml:21:19-78
182
183        <meta-data
183-->[com.google.android.gms:play-services-basement:18.2.0] AndroidManifest.xml:21:9-23:69
184            android:name="com.google.android.gms.version"
184-->[com.google.android.gms:play-services-basement:18.2.0] AndroidManifest.xml:22:13-58
185            android:value="@integer/google_play_services_version" />
185-->[com.google.android.gms:play-services-basement:18.2.0] AndroidManifest.xml:23:13-66
186
187        <provider
187-->[androidx.emoji2:emoji2:1.0.0] AndroidManifest.xml:26:9-34:20
188            android:name="androidx.startup.InitializationProvider"
188-->[androidx.emoji2:emoji2:1.0.0] AndroidManifest.xml:27:13-67
189            android:authorities="com.twilio_tst.androidx-startup"
189-->[androidx.emoji2:emoji2:1.0.0] AndroidManifest.xml:28:13-68
190            android:exported="false" >
190-->[androidx.emoji2:emoji2:1.0.0] AndroidManifest.xml:29:13-37
191            <meta-data
191-->[androidx.emoji2:emoji2:1.0.0] AndroidManifest.xml:31:13-33:52
192                android:name="androidx.emoji2.text.EmojiCompatInitializer"
192-->[androidx.emoji2:emoji2:1.0.0] AndroidManifest.xml:32:17-75
193                android:value="androidx.startup" />
193-->[androidx.emoji2:emoji2:1.0.0] AndroidManifest.xml:33:17-49
194            <meta-data
194-->[androidx.lifecycle:lifecycle-process:2.4.0] AndroidManifest.xml:31:13-33:52
195                android:name="androidx.lifecycle.ProcessLifecycleInitializer"
195-->[androidx.lifecycle:lifecycle-process:2.4.0] AndroidManifest.xml:32:17-78
196                android:value="androidx.startup" />
196-->[androidx.lifecycle:lifecycle-process:2.4.0] AndroidManifest.xml:33:17-49
197        </provider>
198
199        <meta-data
199-->[com.facebook.soloader:soloader:0.10.5] AndroidManifest.xml:12:9-14:37
200            android:name="com.facebook.soloader.enabled"
200-->[com.facebook.soloader:soloader:0.10.5] AndroidManifest.xml:13:13-57
201            android:value="false" />
201-->[com.facebook.soloader:soloader:0.10.5] AndroidManifest.xml:14:13-34
202    </application>
203
204</manifest>